<?xml version="1.0" encoding="UTF-8"?>
<!-- Generated by org.testng.reporters.JUnitReportReporter -->
<testsuite hostname="DESKTOP-KCFKTQ7" failures="0" tests="5" name="app.TestCalculator" time="0.013" errors="0" timestamp="2020-05-17T12:44:19 CEST" skipped="0">
  <testcase classname="app.TestCalculator" name="addingNum" time="0.010"/>
  <system-out/>
  <testcase classname="app.TestCalculator" name="divNumWithZero" time="0.000"/>
  <system-out/>
  <testcase classname="app.TestCalculator" name="divZeroWithZero" time="0.001"/>
  <system-out/>
  <testcase classname="app.TestCalculator" name="divNumWithNum" time="0.001"/>
  <system-out/>
  <testcase classname="app.TestCalculator" name="divZeroWithNum" time="0.001"/>
  <system-out/>
</testsuite> <!-- app.TestCalculator -->
